<?xml version="1.0" encoding="UTF-8"?>
<testng-results ignored="0" total="1" passed="1" failed="0" skipped="0">
  <reporter-output>
  </reporter-output>
  <suite started-at="2025-06-06T22:01:19 IST" name="Default suite" finished-at="2025-06-06T22:01:36 IST" duration-ms="17288">
    <groups>
    </groups>
    <test started-at="2025-06-06T22:01:19 IST" name="Default test" finished-at="2025-06-06T22:01:36 IST" duration-ms="17288">
      <class name="searchFunctionTest.searchFunctionality">
        <test-method is-config="true" signature="setUp()[pri:0, instance:searchFunctionTest.searchFunctionality@11c9af63]" started-at="2025-06-06T22:01:19 IST" name="setUp" finished-at="2025-06-06T22:01:22 IST" duration-ms="2852" status="PASS">
          <reporter-output>
          </reporter-output>
        </test-method> <!-- setUp -->
        <test-method signature="testSearchFunction()[pri:0, instance:searchFunctionTest.searchFunctionality@11c9af63]" started-at="2025-06-06T22:01:22 IST" name="testSearchFunction" finished-at="2025-06-06T22:01:36 IST" duration-ms="14098" status="PASS">
          <reporter-output>
          </reporter-output>
        </test-method> <!-- testSearchFunction -->
        <test-method is-config="true" signature="tearDown()[pri:0, instance:searchFunctionTest.searchFunctionality@11c9af63]" started-at="2025-06-06T22:01:36 IST" name="tearDown" finished-at="2025-06-06T22:01:36 IST" duration-ms="271" status="PASS">
          <reporter-output>
          </reporter-output>
        </test-method> <!-- tearDown -->
      </class> <!-- searchFunctionTest.searchFunctionality -->
    </test> <!-- Default test -->
  </suite> <!-- Default suite -->
</testng-results>
